<?xml version="1.0" encoding="UTF-8"?>
<!-- Generated by org.testng.reporters.JUnitXMLReporter -->
<testsuite ignored="0" hostname="LAPTOP-LAK2HUN9" failures="0" tests="3" name="ChromeTest" time="37.171" errors="0" timestamp="2022-08-23T13:59:40 IST">
  <testcase classname="com.mystore.testcases.IndexPageTest" name="verifyLogo" time="0.188"/>
  <testcase classname="com.mystore.testcases.IndexPageTest" name="verifyLogo" time="0.098"/>
  <testcase classname="com.mystore.testcases.IndexPageTest" name="verifyTitle" time="0.014"/>
</testsuite> <!-- ChromeTest -->
